<?xml version="1.0" encoding="UTF-8"?>
<!-- Generated by org.testng.reporters.JUnitReportReporter -->
<testsuite skipped="0" hostname="user-PC" name="ingenioustechhub.TestAppium" tests="2" failures="0" timestamp="16 Aug 2019 15:01:36 GMT" time="0.026" errors="0">
  <testcase name="ISPApp" time="0.023" classname="ingenioustechhub.TestAppium"/>
  <testcase name="natveApp" time="0.003" classname="ingenioustechhub.TestAppium"/>
</testsuite> <!-- ingenioustechhub.TestAppium -->
