<?xml version="1.0" encoding="UTF-8"?>
<!-- Generated by org.testng.reporters.JUnitReportReporter -->
<testsuite skipped="0" hostname="user-PC" name="ingenioustechhub.Test1Selenium" tests="2" failures="0" timestamp="19 Aug 2019 17:52:19 GMT" time="0.019" errors="0">
  <testcase name="BrowserAutomation" time="0.018" classname="ingenioustechhub.Test1Selenium"/>
  <testcase name="elementsUi" time="0.001" classname="ingenioustechhub.Test1Selenium"/>
</testsuite> <!-- ingenioustechhub.Test1Selenium -->
