<?xml version="1.0" encoding="UTF-8"?>
<!-- Generated by org.testng.reporters.JUnitReportReporter -->
<testsuite skipped="0" hostname="user-PC" name="ingenioustechhub.TestRestAPI" tests="2" failures="0" timestamp="19 Aug 2019 17:50:42 GMT" time="0.002" errors="0">
  <testcase name="deleteTwwitter" time="0.001" classname="ingenioustechhub.TestRestAPI"/>
  <testcase name="postJira" time="0.001" classname="ingenioustechhub.TestRestAPI"/>
</testsuite> <!-- ingenioustechhub.TestRestAPI -->
